Arguments: 
  /usr/bin/node /usr/bin/yarn

PATH: 
  /usr/local/sbin:/usr/local/bin:/usr/sbin:/usr/bin:/sbin:/bin:/usr/games:/usr/local/games:/snap/bin

Yarn version: 
  1.22.17

Node version: 
  14.18.2

Platform: 
  linux x64

Trace: 
  SyntaxError: /home/stalwart/Documents/Codes/Fullstack/teletalk/teletalk-server/package.json: Unexpected string in JSON at position 489
      at JSON.parse (<anonymous>)
      at /usr/lib/node_modules/yarn/lib/cli.js:1625:59
      at Generator.next (<anonymous>)
      at step (/usr/lib/node_modules/yarn/lib/cli.js:310:30)
      at /usr/lib/node_modules/yarn/lib/cli.js:321:13

npm manifest: 
  {
  	"name": "teletalk-server",
  	"author": "S_STALWART_S",
  	"description": "teletalk messenger app (server)",
  	"license": "MIT",
  	"version": "1.0.0",
  	"main": "server.js",
  	"repository": {
  		"type": "git",
  		"url": "https://github.com/S-STALWART-S/teletalk-server"
  	},
  	"scripts": {
  		"start": "cross-env NODE_ENV=production node ./src/server.js",
  		"dev": "cross-env NODE_ENV=development nodemon --trace-warnings ./src/server.js",
  		"test": ""
  	},
  	 "engines": {
     "node": "14.18.1"
     }
  	"keywords": [
  		"teletalk",
  		"messenger"
  	],
  	"dependencies": {
  		"app-root-path": "^3.0.0",
  		"axios": "^0.24.0",
  		"bcryptjs": "^2.4.3",
  		"chalk": "^5.0.0",
  		"cookie-parser": "^1.4.6",
  		"cors": "^2.8.5",
  		"cross-env": "^7.0.3",
  		"debug": "^4.3.3",
  		"defer-to-connect": "^2.0.1",
  		"dotenv": "^10.0.0",
  		"express": "^4.17.1",
  		"express-session": "^1.17.2",
  		"fastest-validator": "^1.12.0",
  		"fs-extra": "^10.0.0",
  		"generate-password": "^1.7.0",
  		"helmet": "^4.6.0",
  		"jose": "^4.3.7",
  		"jsonwebtoken": "^8.5.1",
  		"module-alias": "^2.2.2",
  		"mongoose": "^6.0.14",
  		"mongoose-unique-validator": "^3.0.0",
  		"morgan": "^1.10.0",
  		"nanoid": "^3.1.30",
  		"node-fetch": "^3.1.0",
  		"nodemailer": "^6.7.2",
  		"nodemailer-smtp-transport": "^2.7.4",
  		"passport": "^0.5.0",
  		"pretty-error": "^4.0.0",
  		"redis": "^4.0.0",
  		"serve-favicon": "^2.5.0",
  		"sharp": "^0.29.3",
  		"socket.io": "^4.4.0",
  		"teletalk-utils": "^1.0.4",
  		"winston": "^3.3.3",
  		"yargs": "^17.3.0"
  	},
  	"devDependencies": {
  		"@types/express": "^4.17.13",
  		"@types/fs-extra": "^9.0.13",
  		"@types/jsonwebtoken": "^8.5.6",
  		"@types/module-alias": "^2.0.1",
  		"@types/mongoose": "^5.11.97",
  		"@types/mongoose-unique-validator": "^1.0.5",
  		"@types/node": "^16.11.11",
  		"@typescript-eslint/eslint-plugin": "^4.33.0",
  		"@typescript-eslint/parser": "^4.33.0",
  		"babel-eslint": "^10.1.0",
  		"eslint": "^7.32.0",
  		"eslint-config-react-app": "^6.0.0",
  		"eslint-plugin-flowtype": "^5.10.0",
  		"eslint-plugin-import": "^2.22.0",
  		"eslint-plugin-jsx-a11y": "^6.3.1",
  		"eslint-plugin-react": "^7.20.3",
  		"eslint-plugin-react-hooks": "^4.0.8",
  		"mocha": "^9.1.3",
  		"nodemon": "^2.0.15",
  		"rewire": "^5.0.0"
  	},
  	"_moduleAliases": {
  		"~": "./src",
  		"#": "./public",
  		"~fn": "./src/scripts/functions/"
  	}
  }

yarn manifest: 
  No manifest

Lockfile: 
  No lockfile
